This is pdfTeX, Version 3.1415926-2.5-1.40.14 (TeX Live 2013/Cygwin) (format=pdflatex 2014.2.6)  21 MAY 2014 20:37
entering extended mode
 \write18 enabled.
 %&-line parsing enabled.
**sigirfp310-veloso.tex
(./sigirfp310-veloso.tex
LaTeX2e <2011/06/27>
Babel <3.9f> and hyphenation patterns for 78 languages loaded.
(./sig-alternate.cls (/usr/share/texmf-dist/tex/latex/graphics/epsfig.sty
Package: epsfig 1999/02/16 v1.7a (e)psfig emulation (SPQR)

(/usr/share/texmf-dist/tex/latex/graphics/graphicx.sty
Package: graphicx 1999/02/16 v1.0f Enhanced LaTeX Graphics (DPC,SPQR)

(/usr/share/texmf-dist/tex/latex/graphics/keyval.sty
Package: keyval 1999/03/16 v1.13 key=value parser (DPC)
\KV@toks@=\toks14
)
(/usr/share/texmf-dist/tex/latex/graphics/graphics.sty
Package: graphics 2009/02/05 v1.0o Standard LaTeX Graphics (DPC,SPQR)

(/usr/share/texmf-dist/tex/latex/graphics/trig.sty
Package: trig 1999/03/16 v1.09 sin cos tan (DPC)
)
(/usr/share/texmf-dist/tex/latex/latexconfig/graphics.cfg
File: graphics.cfg 2010/04/23 v1.9 graphics configuration of TeX Live
)
Package graphics Info: Driver file: pdftex.def on input line 91.

(/usr/share/texmf-dist/tex/latex/pdftex-def/pdftex.def
File: pdftex.def 2011/05/27 v0.06d Graphics/color for pdfTeX

(/usr/share/texmf-dist/tex/generic/oberdiek/infwarerr.sty
Package: infwarerr 2010/04/08 v1.3 Providing info/warning/error messages (HO)
)
(/usr/share/texmf-dist/tex/generic/oberdiek/ltxcmds.sty
Package: ltxcmds 2011/11/09 v1.22 LaTeX kernel commands for general use (HO)
)
\Gread@gobject=\count79
))
\Gin@req@height=\dimen102
\Gin@req@width=\dimen103
)
\epsfxsize=\dimen104
\epsfysize=\dimen105
)
(/usr/share/texmf-dist/tex/latex/amsfonts/amssymb.sty
Package: amssymb 2013/01/14 v3.01 AMS font symbols

(/usr/share/texmf-dist/tex/latex/amsfonts/amsfonts.sty
Package: amsfonts 2013/01/14 v3.01 Basic AMSFonts support
\@emptytoks=\toks15
\symAMSa=\mathgroup4
\symAMSb=\mathgroup5
LaTeX Font Info:    Overwriting math alphabet `\mathfrak' in version `bold'
(Font)                  U/euf/m/n --> U/euf/b/n on input line 106.
))
(/usr/share/texmf-dist/tex/latex/amsmath/amsmath.sty
Package: amsmath 2013/01/14 v2.14 AMS math features
\@mathmargin=\skip41

For additional information on amsmath, use the `?' option.
(/usr/share/texmf-dist/tex/latex/amsmath/amstext.sty
Package: amstext 2000/06/29 v2.01

(/usr/share/texmf-dist/tex/latex/amsmath/amsgen.sty
File: amsgen.sty 1999/11/30 v2.0
\@emptytoks=\toks16
\ex@=\dimen106
))
(/usr/share/texmf-dist/tex/latex/amsmath/amsbsy.sty
Package: amsbsy 1999/11/29 v1.2d
\pmbraise@=\dimen107
)
(/usr/share/texmf-dist/tex/latex/amsmath/amsopn.sty
Package: amsopn 1999/12/14 v2.01 operator names
)
\inf@bad=\count80
LaTeX Info: Redefining \frac on input line 210.
\uproot@=\count81
\leftroot@=\count82
LaTeX Info: Redefining \overline on input line 306.
\classnum@=\count83
\DOTSCASE@=\count84
LaTeX Info: Redefining \ldots on input line 378.
LaTeX Info: Redefining \dots on input line 381.
LaTeX Info: Redefining \cdots on input line 466.
\Mathstrutbox@=\box26
\strutbox@=\box27
\big@size=\dimen108
LaTeX Font Info:    Redeclaring font encoding OML on input line 566.
LaTeX Font Info:    Redeclaring font encoding OMS on input line 567.
\macc@depth=\count85
\c@MaxMatrixCols=\count86
\dotsspace@=\muskip10
\c@parentequation=\count87
\dspbrk@lvl=\count88
\tag@help=\toks17
\row@=\count89
\column@=\count90
\maxfields@=\count91
\andhelp@=\toks18
\eqnshift@=\dimen109
\alignsep@=\dimen110
\tagshift@=\dimen111
\tagwidth@=\dimen112
\totwidth@=\dimen113
\lineht@=\dimen114
\@envbody=\toks19
\multlinegap=\skip42
\multlinetaggap=\skip43
\mathdisplay@stack=\toks20
LaTeX Info: Redefining \[ on input line 2665.
LaTeX Info: Redefining \] on input line 2666.
)
Document Class 'sig-alternate' <23rd. May '12>. Modified by G.K.M. Tobin/Gerry 
Murray
Based in part upon document Style `acmconf' <22 May 89>. Hacked 4/91 by
shivers@cs.cmu.edu, 4/93 by theobald@cs.mcgill.ca
Excerpts were taken from (Journal Style) 'esub2acm.cls'.
****** Bugs/comments/suggestions/technicalities to Gerry Murray -- murray@hq.ac
m.org ******
Questions on the style, SIGS policies, etc. to Adrienne Griscti griscti@acm.org

\footheight=\dimen115
\@maxsep=\dimen116
\@dblmaxsep=\dimen117
\aucount=\count92
\originalaucount=\count93
\auwidth=\dimen118
\auskip=\dimen119
\auskipcount=\count94
\auskip=\dimen120
\allauboxes=\dimen121
\addauthors=\toks21
\addauflag=\count95
\subtitletext=\toks22
\savesection=\count96
\sectioncntr=\count97
\c@figure=\count98
\c@table=\count99
\titleboxnotes=\toks23
\titleboxnoteflag=\count100
Document Class: sig-alternate 2012/05/23 - V2.5 - based on acmproc.cls V1.3 <No
v. 30 '99>
(/usr/share/texmf-dist/tex/latex/base/latexsym.sty
Package: latexsym 1998/08/17 v2.2e Standard LaTeX package (lasy symbols)
\symlasy=\mathgroup6
LaTeX Font Info:    Overwriting symbol font `lasy' in version `bold'
(Font)                  U/lasy/m/n --> U/lasy/b/n on input line 47.
)
\@acmtitlebox=\box28
\titlenotecount=\count101
\tntoks=\toks24
\tntokstwo=\toks25
\tntoksthree=\toks26
\tntoksfour=\toks27
\tntoksfive=\toks28
\catcount=\count102
\copyrightnotice=\toks29
\conf=\toks30
\confinfo=\toks31
\c@part=\count103
\c@section=\count104
\c@subsection=\count105
\c@subsubsection=\count106
\c@paragraph=\count107

Using 'Abbrev' bibliography style
LaTeX Info: Redefining \cite on input line 1211.
\bibindent=\dimen122
\colcntr=\count108
\saveb@x=\box29
\copyrtyr=\toks32
\acmcopyr=\toks33
\boilerplate=\toks34
\copyrightetc=\toks35
(/usr/share/texmf-dist/tex/latex/base/fontenc.sty
Package: fontenc 2005/09/27 v1.99g Standard LaTeX package

(/usr/share/texmf-dist/tex/latex/base/t1enc.def
File: t1enc.def 2005/09/27 v1.99g Standard LaTeX file
LaTeX Font Info:    Redeclaring font encoding T1 on input line 43.
)
LaTeX Font Info:    Try loading font information for T1+aer on input line 100.

(/usr/share/texmf-dist/tex/latex/ae/t1aer.fd
File: t1aer.fd 1997/11/16 Font definitions for T1/aer.
)))
(/usr/share/texmf-dist/tex/latex/auto-pst-pdf/auto-pst-pdf.sty
Package: auto-pst-pdf 2009/04/26 v0.6 Wrapper for pst-pdf

(/usr/share/texmf-dist/tex/generic/oberdiek/ifpdf.sty
Package: ifpdf 2011/01/30 v2.3 Provides the ifpdf switch (HO)
Package ifpdf Info: pdfTeX in PDF mode is detected.
)
(/usr/share/texmf-dist/tex/latex/xkeyval/xkeyval.sty
Package: xkeyval 2012/10/14 v2.6b package option processing (HA)

(/usr/share/texmf-dist/tex/generic/xkeyval/xkeyval.tex
\XKV@toks=\toks36
\XKV@tempa@toks=\toks37
\XKV@depth=\count109
File: xkeyval.tex 2012/10/14 v2.6b key=value parser (HA)
))
(/usr/share/texmf-dist/tex/latex/ifplatform/ifplatform.sty
Package: ifplatform 2010/10/22 v0.4 Testing for the operating system

(/usr/share/texmf-dist/tex/generic/oberdiek/pdftexcmds.sty
Package: pdftexcmds 2011/11/29 v0.20 Utility functions of pdfTeX for LuaTeX (HO
)

(/usr/share/texmf-dist/tex/generic/oberdiek/ifluatex.sty
Package: ifluatex 2010/03/01 v1.3 Provides the ifluatex switch (HO)
Package ifluatex Info: LuaTeX not detected.
)
Package pdftexcmds Info: LuaTeX not detected.
Package pdftexcmds Info: \pdf@primitive is available.
Package pdftexcmds Info: \pdf@ifprimitive is available.
Package pdftexcmds Info: \pdfdraftmode found.
)
(/usr/share/texmf-dist/tex/generic/oberdiek/catchfile.sty
Package: catchfile 2011/03/01 v1.6 Catch the contents of a file (HO)

(/usr/share/texmf-dist/tex/generic/oberdiek/etexcmds.sty
Package: etexcmds 2011/02/16 v1.5 Avoid name clashes with e-TeX commands (HO)
Package etexcmds Info: Could not find \expanded.
(etexcmds)             That can mean that you are not using pdfTeX 1.50 or
(etexcmds)             that some package has redefined \expanded.
(etexcmds)             In the latter case, load this package earlier.
))
runsystem(uname -s > "sigirfp310-veloso.w18")...executed.


(./sigirfp310-veloso.w18)
runsystem(rm -- "sigirfp310-veloso.w18")...executed.

)
\c@app@runs=\count110
runsystem(echo " ")...executed.

runsystem(echo "-------------------------------------------------")...executed.

runsystem(echo "auto-pst-pdf: Auxiliary LaTeX compilation")...executed.

runsystem(echo "-------------------------------------------------")...executed.

runsystem(rm -- "sigirfp310-veloso-pics.pdf")...executed.

runsystem(latex -no-shell-escape -jobname="sigirfp310-veloso-autopp" -interacti
on=batchmode  "\let \APPmakepictures \empty \input  sigirfp310-veloso.tex")...e
xecuted.

runsystem(dvips -Ppdf -o "sigirfp310-veloso-autopp.ps" "sigirfp310-veloso-autop
p.dvi")...executed.

runsystem(ps2pdf -dAutoRotatePages=/None "sigirfp310-veloso-autopp.ps" "sigirfp
310-veloso-autopp.pdf")...executed.

runsystem(pdfcrop  "sigirfp310-veloso-autopp.pdf" "sigirfp310-veloso-pics.pdf")
...executed.

runsystem(rm -- "sigirfp310-veloso-autopp.log")...executed.

runsystem(rm -- "sigirfp310-veloso-autopp.dvi")...executed.

runsystem(rm -- "sigirfp310-veloso-autopp.ps")...executed.

runsystem(rm -- "sigirfp310-veloso-autopp.pdf")...executed.

runsystem(echo "-------------------------------------------------")...executed.

runsystem(echo "auto-pst-pdf: End auxiliary LaTeX compilation")...executed.

runsystem(echo "-------------------------------------------------")...executed.

 (/usr/share/texmf-dist/tex/latex/pst-pdf/pst-pdf.sty
Package: pst-pdf 2008/10/09 v1.1v PS graphics for pdfLaTeX (RN,HjG)
\c@pspicture=\count111
Package pst-pdf Info: MODE: 1 (pdfTeX mode) on input line 214.
(/usr/share/texmf-dist/tex/latex/pstricks/pstricks.sty
Package: pstricks 2013/05/21 v0.56 LaTeX wrapper for `PSTricks' (RN,HV)

(/usr/share/texmf-dist/tex/generic/pstricks/pstricks.tex
(/usr/share/texmf-dist/tex/generic/xkeyval/pst-xkey.tex
File: pst-xkey.tex 2005/11/25 v1.6 PSTricks specialization of xkeyval (HA)
)
(/usr/share/texmf-dist/tex/generic/pstricks/pst-fp.tex
`pst-fp' v0.05, 2010/01/17 (hv)
\pstFP@xs=\count112
\pstFP@xia=\count113
\pstFP@xib=\count114
\pstFP@xfa=\count115
\pstFP@xfb=\count116
\pstFP@rega=\count117
\pstFP@regb=\count118
\pstFP@regs=\count119
\pstFP@times=\count120
)
(/usr/share/texmf-dist/tex/generic/pgf/utilities/pgfutil-common.tex
\pgfutil@everybye=\toks38
)
(/usr/share/texmf-dist/tex/generic/pgf/utilities/pgfkeys.code.tex
\pgfkeys@pathtoks=\toks39
\pgfkeys@temptoks=\toks40

(/usr/share/texmf-dist/tex/generic/pgf/utilities/pgfkeysfiltered.code.tex
\pgfkeys@tmptoks=\toks41
))
(/usr/share/texmf-dist/tex/generic/pgf/utilities/pgffor.code.tex
\pgffor@iter=\dimen123
\pgffor@skip=\dimen124
\pgffor@stack=\toks42
\pgffor@toks=\toks43
)
\psLoopIndex=\count121

`PSTricks' v2.43  <2013/05/12> (tvz)
\pst@dima=\dimen125
\pst@dimb=\dimen126
\pst@dimc=\dimen127
\pst@dimd=\dimen128
\pst@dimg=\dimen129
\pst@dimh=\dimen130
\pst@dimm=\dimen131
\pst@dimn=\dimen132
\pst@dimo=\dimen133
\pst@dimp=\dimen134
\pst@hbox=\box30
\pst@ibox=\box31
\pst@boxg=\box32
\pst@cnta=\count122
\pst@cntb=\count123
\pst@cntc=\count124
\pst@cntd=\count125
\pst@cntg=\count126
\pst@cnth=\count127
\pst@cntm=\count128
\pst@cntn=\count129
\pst@cnto=\count130
\pst@cntp=\count131
\@zero=\count132
\pst@toks=\toks44
(/usr/share/texmf-dist/tex/generic/pstricks/pstricks.con)
\psunit=\dimen135
\psxunit=\dimen136
\psyunit=\dimen137
\pst@C@@rType=\count133
\pslinewidth=\dimen138
\psk@startLW=\dimen139
\psk@endLW=\dimen140
\pst@customdefs=\toks45
\pslinearc=\dimen141
\pst@symbolStep=\dimen142
\pst@symbolWidth=\dimen143
\pst@symbolLinewidth=\dimen144
\everypsbox=\toks46
\psframesep=\dimen145
\pslabelsep=\dimen146
\sh@wgridXunit=\dimen147
\sh@wgridYunit=\dimen148
\pst@shift=\dimen149
\theoverlaybox=\box33
)
File: pstricks.tex 2013/05/12 v2.43 `PSTricks' (tvz,hv)

(/usr/share/texmf-dist/tex/generic/pstricks/pst-fp.tex)
File: pst-fp.tex 2013/05/12 v2.43 `PST-fp' (hv)

(/usr/share/texmf-dist/tex/latex/xcolor/xcolor.sty
Package: xcolor 2007/01/21 v2.11 LaTeX color extensions (UK)

(/usr/share/texmf-dist/tex/latex/latexconfig/color.cfg
File: color.cfg 2007/01/18 v1.5 color configuration of teTeX/TeXLive
)
Package xcolor Info: Driver file: pdftex.def on input line 225.
Package xcolor Info: Model `cmy' substituted by `cmy0' on input line 1337.
Package xcolor Info: Model `hsb' substituted by `rgb' on input line 1341.
Package xcolor Info: Model `RGB' extended on input line 1353.
Package xcolor Info: Model `HTML' substituted by `rgb' on input line 1355.
Package xcolor Info: Model `Hsb' substituted by `hsb' on input line 1356.
Package xcolor Info: Model `tHsb' substituted by `hsb' on input line 1357.
Package xcolor Info: Model `HSB' substituted by `hsb' on input line 1358.
Package xcolor Info: Model `Gray' substituted by `gray' on input line 1359.
Package xcolor Info: Model `wave' substituted by `hsb' on input line 1360.
))
\ppf@output=\toks47

(/usr/share/texmf-dist/tex/latex/preview/preview.sty
Package: preview 2010/02/14 11.86 (AUCTeX/preview-latex)
\pr@snippet=\count134
\pr@box=\box34
\pr@output=\toks48
)
(/usr/share/texmf-dist/tex/latex/graphics/dvips.def
File: dvips.def 1999/02/16 v3.0i Driver-dependant file (DPC,SPQR)
)
(/usr/share/texmf-dist/tex/latex/environ/environ.sty
Package: environ 2013/04/01 v0.3 A new environment syntax

(/usr/share/texmf-dist/tex/latex/trimspaces/trimspaces.sty
Package: trimspaces 2009/09/17 v1.1 Trim spaces around a token list
))))
(/usr/share/texmf-dist/tex/latex/pst-3dplot/pst-3dplot.sty
(/usr/share/texmf-dist/tex/latex/pst-3d/pst-3d.sty
Package: pst-3d 2009/07/28 package wrapper for pst-3d.tex (hv)

(/usr/share/texmf-dist/tex/generic/pst-3d/pst-3d.tex
`PST-3d' v1.11, 2010/02/14 (tvz))
File: pst-3d.tex 2010/02/14 v1.11 `PST-3d' (hv)
)
(/usr/share/texmf-dist/tex/latex/pst-plot/pst-plot.sty
Package: pst-plot 2011/06/05 v1.00 LaTeX wrapper for `pst-plot' (HV)

(/usr/share/texmf-dist/tex/latex/xkeyval/pst-xkey.sty
Package: pst-xkey 2005/11/25 v1.6 package wrapper for pst-xkey.tex (HA)
)
(/usr/share/texmf-dist/tex/latex/multido/multido.sty
Package: multido 2004/05/17 package wrapper for PSTricks `multido.tex', (HV/RN)


(/usr/share/texmf-dist/tex/generic/multido/multido.tex
 v1.42, 2010/05/14 <tvz>
\multido@count=\count135
\multidocount=\count136
\multido@stuff=\toks49
)
File: multido.tex 2010/05/14 v1.42 `multido' (tvz,hv)
)
Package: pst-plot 2011/04/13 package wrapper for pst-plot.tex (hv)

(/usr/share/texmf-dist/tex/generic/pst-plot/pst-plot.tex
 v1.45, 2013/04/29 (tvz,hv)
\pstRadUnit=\dimen150
\pstRadUnitInv=\dimen151
\pst@linecnt=\count137
\psxlabelsep=\dimen152
\psylabelsep=\dimen153
\psk@subticksize=\dimen154
\pst@xticksizeA=\dimen155
\pst@xticksizeB=\dimen156
\pst@xticksizeC=\dimen157
\pst@yticksizeA=\dimen158
\pst@yticksizeB=\dimen159
\pst@yticksizeC=\dimen160
\@digitcounter=\count138
\psk@llx=\dimen161
\psk@lly=\dimen162
\psk@urx=\dimen163
\psk@ury=\dimen164
\pst@xunit=\dimen165
\pst@yunit=\dimen166
)
File: pst-plot.tex 2013/04/29 1.45 `pst-plot' (tvz,hv)
)
(/usr/share/texmf-dist/tex/latex/pst-node/pst-node.sty
Package: pst-node 2012/09/18 v1.01 LaTeX wrapper for `pst-node' (HV)
Package: pst-node 2010/04/22 package wrapper for pst-node.tex

(/usr/share/texmf-dist/tex/generic/pst-node/pst-node.tex  v1.27, 2013/04/12
\psrow=\count139
\pscol=\count140
\psmatrixcnt=\count141
\psrowsep=\skip44
\pscolsep=\skip45
\pst@args=\count142
\num@pts=\count143
\pst@argcnt=\count144
)
File: pst-node.tex 2013/04/12 1.27 `pst-node' (tvz,hv)
)
Package: pst-3dplot 2010/01/01 package wrapper for pst-3dplot.tex (hv)

(/usr/share/texmf-dist/tex/generic/pst-3dplot/pst-3dplot.tex
(/usr/share/texmf-dist/tex/generic/pst-node/pst-node.tex)
(/usr/share/texmf-dist/tex/generic/multido/multido.tex
 v1.42, 2010/05/14 <tvz>) `PST-3dplot' v1.97, 2012/06/07 (HV,DL)
\pst@dimf=\dimen167
\pst@cntx=\count145
\pst@cnty=\count146
\pst@cntz=\count147
\pst@dimx=\dimen168
\pst@dimy=\dimen169
\pst@dimz=\dimen170
\pst@dx=\dimen171
\pst@dy=\dimen172
\pszunit=\dimen173
)
File: pst-3dplot.tex 2012/06/07 v1.97 `PST-3dplot' (hv)
)
(/usr/share/texmf-dist/tex/latex/sttools/stfloats.sty
Package: stfloats 2012/05/29 v1.1 Improve float mechanism and baselineskip sett
ings
\@dblbotnum=\count148
\c@dblbotnumber=\count149
)
(/usr/share/texmf-dist/tex/latex/subfigure/subfigure.sty
Package: subfigure 2002/03/15 v2.1.5 subfigure package
\subfigtopskip=\skip46
\subfigcapskip=\skip47
\subfigcaptopadj=\dimen174
\subfigbottomskip=\skip48
\subfigcapmargin=\dimen175
\subfiglabelskip=\skip49
\c@subfigure=\count150
\c@lofdepth=\count151
\c@subtable=\count152
\c@lotdepth=\count153

****************************************
* Local config file subfigure.cfg used *
****************************************
(/usr/share/texmf-dist/tex/latex/subfigure/subfigure.cfg)
\subfig@top=\skip50
\subfig@bottom=\skip51
)
(/usr/share/texmf-dist/tex/latex/algorithms/algorithm.sty
Package: algorithm 2009/08/24 v0.1 Document Style `algorithm' - floating enviro
nment

(/usr/share/texmf-dist/tex/latex/float/float.sty
Package: float 2001/11/08 v1.3d Float enhancements (AL)
\c@float@type=\count154
\float@exts=\toks50
\float@box=\box35
\@float@everytoks=\toks51
\@floatcapt=\box36
)
(/usr/share/texmf-dist/tex/latex/base/ifthen.sty
Package: ifthen 2001/05/26 v1.1c Standard LaTeX ifthen package (DPC)
)
\@float@every@algorithm=\toks52
\c@algorithm=\count155
)
(/usr/share/texmf-dist/tex/latex/algorithmicx/algorithmicx.sty
Package: algorithmicx 2005/04/27 v1.2 Algorithmicx

Document Style algorithmicx 1.2 - a greatly improved `algorithmic' style
\c@ALG@line=\count156
\c@ALG@rem=\count157
\c@ALG@nested=\count158
\ALG@tlm=\skip52
\ALG@thistlm=\skip53
\c@ALG@Lnr=\count159
\c@ALG@blocknr=\count160
\c@ALG@storecount=\count161
\c@ALG@tmpcounter=\count162
\ALG@tmplength=\skip54
) (/usr/share/texmf-dist/tex/latex/algorithmicx/algpseudocode.sty
Package: algpseudocode 

Document Style - pseudocode environments for use with the `algorithmicx' style
) (/usr/share/texmf-dist/tex/latex/url/url.sty
\Urlmuskip=\muskip11
Package: url 2006/04/12  ver 3.3  Verb mode for urls, etc.
)
(/usr/share/texmf-dist/tex/latex/preprint/balance.sty
Package: balance 1999/02/23 4.3 (PWD)
\oldvsize=\dimen176
)
(/usr/share/texmf-dist/tex/latex/cite/cite.sty
LaTeX Info: Redefining \cite on input line 302.
LaTeX Info: Redefining \nocite on input line 373.
Package: cite 2010/09/10  v 5.3
)
(/usr/share/texmf-dist/tex/latex/psnfss/times.sty
Package: times 2005/04/12 PSNFSS-v9.2a (SPQR) 
)
(/usr/share/texmf-dist/tex/generic/babel/babel.sty
Package: babel 2013/05/16 v3.9f The Babel package

(/usr/share/texmf-dist/tex/generic/babel-english/english.ldf
Language: english 2012/08/20 v3.3p English support from the babel system

(/usr/share/texmf-dist/tex/generic/babel/babel.def
File: babel.def 2013/05/16 v3.9f Babel common definitions
\babel@savecnt=\count163
\U@D=\dimen177
)
\l@canadian = a dialect from \language\l@american 
\l@australian = a dialect from \language\l@british 
\l@newzealand = a dialect from \language\l@british 
))
(/usr/share/texmf-dist/tex/latex/units/units.sty
Package: units 1998/08/04 v0.9b Typesetting units

(/usr/share/texmf-dist/tex/latex/units/nicefrac.sty
Package: nicefrac 1998/08/04 v0.9b Nice fractions
\L@UnitsRaiseDisplaystyle=\skip55
\L@UnitsRaiseTextstyle=\skip56
\L@UnitsRaiseScriptstyle=\skip57
))
(/usr/share/texmf-dist/tex/generic/ulem/ulem.sty
\UL@box=\box37
\UL@hyphenbox=\box38
\UL@skip=\skip58
\UL@hook=\toks53
\UL@height=\dimen178
\UL@pe=\count164
\UL@pixel=\dimen179
\ULC@box=\box39
Package: ulem 2012/05/18
\ULdepth=\dimen180
) (./sigirfp310-veloso.aux)
\openout1 = `sigirfp310-veloso.aux'.

LaTeX Font Info:    Checking defaults for OML/cmm/m/it on input line 30.
LaTeX Font Info:    ... okay on input line 30.
LaTeX Font Info:    Checking defaults for T1/cmr/m/n on input line 30.
LaTeX Font Info:    ... okay on input line 30.
LaTeX Font Info:    Checking defaults for OT1/cmr/m/n on input line 30.
LaTeX Font Info:    ... okay on input line 30.
LaTeX Font Info:    Checking defaults for OMS/cmsy/m/n on input line 30.
LaTeX Font Info:    ... okay on input line 30.
LaTeX Font Info:    Checking defaults for OMX/cmex/m/n on input line 30.
LaTeX Font Info:    ... okay on input line 30.
LaTeX Font Info:    Checking defaults for U/cmr/m/n on input line 30.
LaTeX Font Info:    ... okay on input line 30.
LaTeX Font Info:    Try loading font information for T1+ptm on input line 30.

(/usr/share/texmf-dist/tex/latex/psnfss/t1ptm.fd
File: t1ptm.fd 2001/06/04 font definitions for T1/ptm.
)
(/usr/share/texmf-dist/tex/context/base/supp-pdf.mkii
[Loading MPS to PDF converter (version 2006.09.02).]
\scratchcounter=\count165
\scratchdimen=\dimen181
\scratchbox=\box40
\nofMPsegments=\count166
\nofMParguments=\count167
\everyMPshowfont=\toks54
\MPscratchCnt=\count168
\MPscratchDim=\dimen182
\MPnumerator=\count169
\makeMPintoPDFobject=\count170
\everyMPtoPDFconversion=\toks55
)
Preview: Fontsize 9pt
Preview: PDFoutput 1
LaTeX Font Info:    Try loading font information for U+msa on input line 80.
(/usr/share/texmf-dist/tex/latex/amsfonts/umsa.fd
File: umsa.fd 2013/01/14 v3.01 AMS symbols A
)
LaTeX Font Info:    Try loading font information for U+msb on input line 80.

(/usr/share/texmf-dist/tex/latex/amsfonts/umsb.fd
File: umsb.fd 2013/01/14 v3.01 AMS symbols B
)
LaTeX Font Info:    Try loading font information for U+lasy on input line 80.

(/usr/share/texmf-dist/tex/latex/base/ulasy.fd
File: ulasy.fd 1998/08/17 v2.2e LaTeX symbol font definitions
)
LaTeX Font Info:    Font shape `T1/ptm/bx/n' in size <9> not available
(Font)              Font shape `T1/ptm/b/n' tried instead on input line 99.

Underfull \vbox (badness 1163) has occurred while \output is active []

 [1{/home/adrianov/.cache/texmf/fonts/map/pdftex/updmap/pdftex.map}


Non-PDF special ignored!
Non-PDF special ignored!

]
Overfull \hbox (11.08846pt too wide) in paragraph at lines 144--154
\T1/ptm/m/n/9 tag-o-nis-tic na-tures, im-prov-ing both prop-er-ties may lead to
 a conflicting-
 []


Overfull \hbox (9.2161pt too wide) in paragraph at lines 165--166
\T1/ptm/m/n/9 sen-ti-ment rules that are kept in-cre-men-tally as the stream ev
olves
 []


Overfull \hbox (3.42027pt too wide) in paragraph at lines 174--177
\T1/ptm/m/n/9 ex-per-i-ments us-ing Twit-ter data col-lected from three im-por-
tant events
 []


Overfull \hbox (1.85405pt too wide) in paragraph at lines 174--177
\T1/ptm/m/n/9 guages. Re-sults show that our al-go-rithms make clas-si-fiers ex
-tremely
 []

[2]
Underfull \hbox (badness 10000) in paragraph at lines 275--277

 []


Underfull \hbox (badness 10000) in paragraph at lines 283--285

 []

[3]
Underfull \hbox (badness 10000) in paragraph at lines 327--331

 []


Overfull \hbox (1.512pt too wide) in paragraph at lines 332--336
[]\T1/ptm/m/n/9 Lemma 1 im-plies that on-line rule ex-trac-tion as-sures that $
\OMS/cmsy/m/n/9 R\OT1/cmr/m/n/9 (\OML/cmm/m/it/9 t[]\OT1/cmr/m/n/9 ) =
 []


Package amsmath Warning: Foreign command \atopwithdelims;
(amsmath)                \frac or \genfrac should be used instead
(amsmath)                 on input line 350.


Underfull \hbox (badness 10000) in paragraph at lines 342--354

 []


Underfull \vbox (badness 10000) has occurred while \output is active []


<sigirfp310-veloso-pics.pdf, id=25, page=1, 247.92625pt x 251.94125pt>
File: sigirfp310-veloso-pics.pdf Graphic file (type pdf)

<use sigirfp310-veloso-pics.pdf, page 1>
Package pdftex.def Info: sigirfp310-veloso-pics.pdf, page1 used on input line 4
51.
(pdftex.def)             Requested size: 247.92564pt x 251.94063pt.

Overfull \hbox (7.92564pt too wide) in paragraph at lines 451--574
 [][] 
 []

[4] <sigirfp310-veloso-pics.pdf, id=33, page=2, 109.40875pt x 110.4125pt>
File: sigirfp310-veloso-pics.pdf Graphic file (type pdf)

<use sigirfp310-veloso-pics.pdf, page 2>
Package pdftex.def Info: sigirfp310-veloso-pics.pdf, page2 used on input line 6
43.
(pdftex.def)             Requested size: 109.40846pt x 110.41222pt.

Underfull \hbox (badness 10000) in paragraph at lines 690--691

 []


Overfull \hbox (3.56407pt too wide) in paragraph at lines 692--699
\T1/ptm/m/n/9 train-ing sets as Pareto-Efficient Se-lec-tive Sam-pling, or sim-
ply PESS.
 []

<sigirfp310-veloso-pics.pdf, id=34, page=3, 116.435pt x 132.495pt>
File: sigirfp310-veloso-pics.pdf Graphic file (type pdf)

<use sigirfp310-veloso-pics.pdf, page 3>
Package pdftex.def Info: sigirfp310-veloso-pics.pdf, page3 used on input line 7
03.
(pdftex.def)             Requested size: 116.43471pt x 132.49466pt.

Underfull \hbox (badness 10000) in paragraph at lines 771--772

 []


Underfull \hbox (badness 10000) in paragraph at lines 802--803

 []


Underfull \vbox (badness 3612) has occurred while \output is active []

 [5 <./sigirfp310-veloso-pics.pdf> <./sigirfp310-veloso-pics.pdf> <./sigirfp310
-veloso-pics.pdf>] <sigirfp310-veloso-pics.pdf, id=74, page=4, 116.435pt x 132.
495pt>
File: sigirfp310-veloso-pics.pdf Graphic file (type pdf)

<use sigirfp310-veloso-pics.pdf, page 4>
Package pdftex.def Info: sigirfp310-veloso-pics.pdf, page4 used on input line 8
39.
(pdftex.def)             Requested size: 116.43471pt x 132.49466pt.

Overfull \hbox (1.8817pt too wide) in paragraph at lines 916--920
[]\T1/ptm/m/n/9 To eval-u-ate the amount of com-put-ing re-sources used as the 
stream
 []


Overfull \hbox (6.55315pt too wide) in paragraph at lines 916--920
\T1/ptm/m/n/9 evolves, we em-ploy the RAM-Hours mea-sure [9], where ev-ery RAM-

 []

<sigirfp310-veloso-pics.pdf, id=75, page=5, 152.57pt x 110.4125pt>
File: sigirfp310-veloso-pics.pdf Graphic file (type pdf)

<use sigirfp310-veloso-pics.pdf, page 5>
Package pdftex.def Info: sigirfp310-veloso-pics.pdf, page5 used on input line 9
38.
(pdftex.def)             Requested size: 152.56963pt x 110.41222pt.

<sigirfp310-veloso-pics.pdf, id=76, page=6, 146.5475pt x 111.41624pt>
File: sigirfp310-veloso-pics.pdf Graphic file (type pdf)

<use sigirfp310-veloso-pics.pdf, page 6>
Package pdftex.def Info: sigirfp310-veloso-pics.pdf, page6 used on input line 9
39.
(pdftex.def)             Requested size: 146.54712pt x 111.41597pt.

Underfull \hbox (badness 1242) in paragraph at lines 939--939
[]\T1/ptm/m/n/9 (b) MSE num-bers as the stream
 []

<sigirfp310-veloso-pics.pdf, id=77, page=7, 148.555pt x 110.4125pt>
File: sigirfp310-veloso-pics.pdf Graphic file (type pdf)

<use sigirfp310-veloso-pics.pdf, page 7>
Package pdftex.def Info: sigirfp310-veloso-pics.pdf, page7 used on input line 9
40.
(pdftex.def)             Requested size: 148.55463pt x 110.41222pt.

<sigirfp310-veloso-pics.pdf, id=78, page=8, 146.5475pt x 111.41624pt>
File: sigirfp310-veloso-pics.pdf Graphic file (type pdf)

<use sigirfp310-veloso-pics.pdf, page 8>
Package pdftex.def Info: sigirfp310-veloso-pics.pdf, page8 used on input line 9
41.
(pdftex.def)             Requested size: 146.54712pt x 111.41597pt.

<sigirfp310-veloso-pics.pdf, id=79, page=9, 148.555pt x 111.41624pt>
File: sigirfp310-veloso-pics.pdf Graphic file (type pdf)

<use sigirfp310-veloso-pics.pdf, page 9>
Package pdftex.def Info: sigirfp310-veloso-pics.pdf, page9 used on input line 9
42.
(pdftex.def)             Requested size: 148.55463pt x 111.41597pt.

<sigirfp310-veloso-pics.pdf, id=80, page=10, 146.5475pt x 111.41624pt>
File: sigirfp310-veloso-pics.pdf Graphic file (type pdf)

<use sigirfp310-veloso-pics.pdf, page 10>
Package pdftex.def Info: sigirfp310-veloso-pics.pdf, page10 used on input line 
943.
(pdftex.def)             Requested size: 146.54712pt x 111.41597pt.
 [6 <./sigirfp310-veloso-pics.pdf>]
<sigirfp310-veloso-pics.pdf, id=98, page=11, 146.5475pt x 111.41624pt>
File: sigirfp310-veloso-pics.pdf Graphic file (type pdf)

<use sigirfp310-veloso-pics.pdf, page 11>
Package pdftex.def Info: sigirfp310-veloso-pics.pdf, page11 used on input line 
988.
(pdftex.def)             Requested size: 146.54712pt x 111.41597pt.

Underfull \hbox (badness 1383) in paragraph at lines 988--988
[]\T1/ptm/m/n/9 (a) MSE num-bers as the stream
 []

<sigirfp310-veloso-pics.pdf, id=99, page=12, 146.5475pt x 111.41624pt>
File: sigirfp310-veloso-pics.pdf Graphic file (type pdf)

<use sigirfp310-veloso-pics.pdf, page 12>
Package pdftex.def Info: sigirfp310-veloso-pics.pdf, page12 used on input line 
989.
(pdftex.def)             Requested size: 146.54712pt x 111.41597pt.

<sigirfp310-veloso-pics.pdf, id=100, page=13, 146.5475pt x 111.41624pt>
File: sigirfp310-veloso-pics.pdf Graphic file (type pdf)

<use sigirfp310-veloso-pics.pdf, page 13>
Package pdftex.def Info: sigirfp310-veloso-pics.pdf, page13 used on input line 
990.
(pdftex.def)             Requested size: 146.54712pt x 111.41597pt.

Underfull \hbox (badness 10000) in paragraph at lines 990--990
[]\T1/ptm/m/n/9 (c) RAM-Hours as the stream
 []


Overfull \hbox (1.62094pt too wide) in paragraph at lines 1011--1014
[]\T1/ptm/m/n/9 Figure 6[] (b) shows the trade-off be-tween la-bel-ing ef-fort 
and MSE.
 []


Overfull \hbox (1.65648pt too wide) in paragraph at lines 1021--1024
\T1/ptm/m/n/9 We col-lected 3,214 mes-sages in Por-tuguese ref-er-enc-ing Fe-li
pe Melo
 []

[7 <./sigirfp310-veloso-pics.pdf> <./sigirfp310-veloso-pics.pdf> <./sigirfp310-
veloso-pics.pdf> <./sigirfp310-veloso-pics.pdf> <./sigirfp310-veloso-pics.pdf> 
<./sigirfp310-veloso-pics.pdf>]
<sigirfp310-veloso-pics.pdf, id=131, page=14, 153.57375pt x 110.4125pt>
File: sigirfp310-veloso-pics.pdf Graphic file (type pdf)

<use sigirfp310-veloso-pics.pdf, page 14>
Package pdftex.def Info: sigirfp310-veloso-pics.pdf, page14 used on input line 
1042.
(pdftex.def)             Requested size: 153.57336pt x 110.41222pt.

<sigirfp310-veloso-pics.pdf, id=132, page=15, 146.5475pt x 111.41624pt>
File: sigirfp310-veloso-pics.pdf Graphic file (type pdf)

<use sigirfp310-veloso-pics.pdf, page 15>
Package pdftex.def Info: sigirfp310-veloso-pics.pdf, page15 used on input line 
1043.
(pdftex.def)             Requested size: 146.54712pt x 111.41597pt.

Underfull \hbox (badness 1242) in paragraph at lines 1043--1043
[]\T1/ptm/m/n/9 (b) MSE num-bers as the stream
 []

<sigirfp310-veloso-pics.pdf, id=133, page=16, 148.555pt x 110.4125pt>
File: sigirfp310-veloso-pics.pdf Graphic file (type pdf)

<use sigirfp310-veloso-pics.pdf, page 16>
Package pdftex.def Info: sigirfp310-veloso-pics.pdf, page16 used on input line 
1044.
(pdftex.def)             Requested size: 148.55463pt x 110.41222pt.

<sigirfp310-veloso-pics.pdf, id=134, page=17, 150.5625pt x 109.40875pt>
File: sigirfp310-veloso-pics.pdf Graphic file (type pdf)

<use sigirfp310-veloso-pics.pdf, page 17>
Package pdftex.def Info: sigirfp310-veloso-pics.pdf, page17 used on input line 
1045.
(pdftex.def)             Requested size: 150.56212pt x 109.40846pt.

<sigirfp310-veloso-pics.pdf, id=135, page=18, 149.55875pt x 110.4125pt>
File: sigirfp310-veloso-pics.pdf Graphic file (type pdf)

<use sigirfp310-veloso-pics.pdf, page 18>
Package pdftex.def Info: sigirfp310-veloso-pics.pdf, page18 used on input line 
1046.
(pdftex.def)             Requested size: 149.55838pt x 110.41222pt.

<sigirfp310-veloso-pics.pdf, id=136, page=19, 146.5475pt x 111.41624pt>
File: sigirfp310-veloso-pics.pdf Graphic file (type pdf)

<use sigirfp310-veloso-pics.pdf, page 19>
Package pdftex.def Info: sigirfp310-veloso-pics.pdf, page19 used on input line 
1047.
(pdftex.def)             Requested size: 146.54712pt x 111.41597pt.

Underfull \hbox (badness 10000) in paragraph at lines 1047--1047
[]\T1/ptm/m/n/9 (f) RAM-Hours as the stream
 []


Package balance Warning: You have called \balance in second column
(balance)                Columns might not be balanced.

[8 <./sigirfp310-veloso-pics.pdf> <./sigirfp310-veloso-pics.pdf> <./sigirfp310-
veloso-pics.pdf>]
LaTeX Font Info:    Try loading font information for T1+pcr on input line 1183.

 (/usr/share/texmf-dist/tex/latex/psnfss/t1pcr.fd
File: t1pcr.fd 2001/06/04 font definitions for T1/pcr.
)
Underfull \vbox (badness 10000) has occurred while \output is active []


Underfull \vbox (badness 10000) has occurred while \output is active []

 [9 <./sigirfp310-veloso-pics.pdf> <./sigirfp310-veloso-pics.pdf> <./sigirfp310
-veloso-pics.pdf> <./sigirfp310-veloso-pics.pdf> <./sigirfp310-veloso-pics.pdf>
 <./sigirfp310-veloso-pics.pdf>]
Overfull \vbox (1.22421pt too high) has occurred while \output is active []


[10] (./sigirfp310-veloso.aux) ) 
Here is how much of TeX's memory you used:
 8934 strings out of 493315
 130329 string characters out of 6143676
 273487 words of memory out of 5000000
 12129 multiletter control sequences out of 15000+600000
 55496 words of font info for 68 fonts, out of 8000000 for 9000
 957 hyphenation exceptions out of 8191
 51i,12n,55p,936b,365s stack positions out of 5000i,500n,10000p,200000b,80000s
{/usr/share/texmf-dist/fonts/enc/dvips/base/8r.
enc}</usr/share/texmf-dist/fonts/type1/public/amsfonts/cmextra/cmex9.pfb></usr/
share/texmf-dist/fonts/type1/public/amsfonts/cm/cmmi5.pfb></usr/share/texmf-dis
t/fonts/type1/public/amsfonts/cm/cmmi6.pfb></usr/share/texmf-dist/fonts/type1/p
ublic/amsfonts/cm/cmmi9.pfb></usr/share/texmf-dist/fonts/type1/public/amsfonts/
cm/cmr5.pfb></usr/share/texmf-dist/fonts/type1/public/amsfonts/cm/cmr6.pfb></us
r/share/texmf-dist/fonts/type1/public/amsfonts/cm/cmr9.pfb></usr/share/texmf-di
st/fonts/type1/public/amsfonts/cm/cmsy6.pfb></usr/share/texmf-dist/fonts/type1/
public/amsfonts/cm/cmsy9.pfb></usr/share/texmf-dist/fonts/type1/public/amsfonts
/cm/cmti9.pfb></usr/share/texmf-dist/fonts/type1/public/amsfonts/symbols/msam10
.pfb></usr/share/texmf-dist/fonts/type1/public/amsfonts/symbols/msbm10.pfb></us
r/share/texmf-dist/fonts/type1/urw/courier/ucrr8a.pfb></usr/share/texmf-dist/fo
nts/type1/urw/helvetic/uhvb8a.pfb></usr/share/texmf-dist/fonts/type1/urw/helvet
ic/uhvr8a.pfb></usr/share/texmf-dist/fonts/type1/urw/times/utmb8a.pfb></usr/sha
re/texmf-dist/fonts/type1/urw/times/utmr8a.pfb></usr/share/texmf-dist/fonts/typ
e1/urw/times/utmri8a.pfb>
Output written on sigirfp310-veloso.pdf (10 pages, 323214 bytes).
PDF statistics:
 244 PDF objects out of 1000 (max. 8388607)
 161 compressed objects within 2 object streams
 0 named destinations out of 1000 (max. 500000)
 101 words of extra memory for PDF output out of 10000 (max. 10000000)

